<component name="libraryTable">
  <library name="junit">
    <CLASSES>
      <root url="jar://$APPLICATION_HOME_DIR$/lib/junit.jar!/" />
      <root url="jar://$APPLICATION_HOME_DIR$/lib/junit4.jar!/" />
      <root url="file://$PROJECT_DIR$" />
    </CLASSES>
    <JAVADOC />
    <SOURCES>
      <root url="file://$PROJECT_DIR$/src" />
    </SOURCES>
  </library>
</component>